<?xml version="1.0" encoding="UTF-8"?>
<!-- Generated by org.testng.reporters.JUnitReportReporter -->
<testsuite skipped="0" hostname="HarishGarg" name="ObjectRepositry.ObjectMapLoginTest" tests="1" failures="0" timestamp="24 Aug 2019 02:57:14 GMT" time="2.770" errors="0">
  <testcase name="login" time="2.770" classname="ObjectRepositry.ObjectMapLoginTest"/>
</testsuite> <!-- ObjectRepositry.ObjectMapLoginTest -->
