<?xml version="1.0" encoding="UTF-8"?>
<!-- Generated by org.testng.reporters.JUnitReportReporter -->
<testsuite skipped="0" hostname="HarishGarg" name="testcases.loginTestCase" tests="8" failures="0" timestamp="25 Aug 2019 07:25:06 GMT" time="153.817" errors="0">
  <testcase name="signup" time="9.803" classname="testcases.loginTestCase"/>
  <testcase name="forgotpassword" time="34.332" classname="testcases.loginTestCase"/>
  <testcase name="Home" time="16.680" classname="testcases.loginTestCase"/>
  <testcase name="Home" time="26.490" classname="testcases.loginTestCase"/>
  <testcase name="login" time="24.582" classname="testcases.loginTestCase"/>
  <testcase name="signup" time="22.185" classname="testcases.loginTestCase"/>
  <testcase name="login" time="10.650" classname="testcases.loginTestCase"/>
  <testcase name="forgotpassword" time="9.095" classname="testcases.loginTestCase"/>
</testsuite> <!-- testcases.loginTestCase -->
