<?xml version="1.0" encoding="UTF-8"?>
<!-- Generated by org.testng.reporters.JUnitReportReporter -->
<testsuite skipped="0" hostname="HarishGarg" name="ssl.ssl_chrome" tests="1" failures="0" timestamp="25 Aug 2019 14:12:17 GMT" time="18.157" errors="0">
  <testcase name="ssl_test" time="18.157" classname="ssl.ssl_chrome"/>
</testsuite> <!-- ssl.ssl_chrome -->
