<?xml version="1.0" encoding="UTF-8"?>
<!-- Generated by org.testng.reporters.JUnitReportReporter -->
<testsuite skipped="0" hostname="HarishGarg" name="testcases.loginTestCase" tests="4" failures="0" timestamp="25 Aug 2019 06:52:56 GMT" time="42.870" errors="0">
  <testcase name="forgotpassword" time="8.707" classname="testcases.loginTestCase"/>
  <testcase name="signup" time="11.714" classname="testcases.loginTestCase"/>
  <testcase name="Home" time="11.648" classname="testcases.loginTestCase"/>
  <testcase name="login" time="10.801" classname="testcases.loginTestCase"/>
</testsuite> <!-- testcases.loginTestCase -->
